<<<<<<< HEAD
[1002/170048.685:ERROR:process_reader_win.cc(151)] SuspendThread: Отказано в доступе. (0x5)
[1002/170048.686:ERROR:process_reader_win.cc(151)] SuspendThread: Отказано в доступе. (0x5)
[1002/170048.687:ERROR:process_reader_win.cc(123)] NtOpenThread: {Отказано в доступе} Процесс запросил доступ к объекту, но права на доступ не предоставлены. (0xc0000022)
[1002/170048.681:ERROR:process_reader_win.cc(123)] NtOpenThread: {Отказано в доступе} Процесс запросил доступ к объекту, но права на доступ не предоставлены. (0xc0000022)
[1002/170048.687:ERROR:exception_snapshot_win.cc(99)] thread ID 9160 not found in process
[1002/170048.687:ERROR:exception_snapshot_win.cc(99)] thread ID 7624 not found in process
[1002/170048.698:ERROR:process_reader_win.cc(151)] SuspendThread: Отказано в доступе. (0x5)
[1002/170048.698:ERROR:process_reader_win.cc(151)] SuspendThread: Отказано в доступе. (0x5)
[1002/170048.698:ERROR:process_reader_win.cc(123)] NtOpenThread: {Отказано в доступе} Процесс запросил доступ к объекту, но права на доступ не предоставлены. (0xc0000022)
[1002/170048.698:ERROR:exception_snapshot_win.cc(99)] thread ID 8592 not found in process
[1002/170048.700:ERROR:process_reader_win.cc(123)] NtOpenThread: {Отказано в доступе} Процесс запросил доступ к объекту, но права на доступ не предоставлены. (0xc0000022)
[1002/170048.700:ERROR:exception_snapshot_win.cc(99)] thread ID 5456 not found in process
[1014/124431.072:ERROR:directory_reader_win.cc(43)] FindFirstFile: Системе не удается найти указанный путь. (0x3)
=======
[1019/180356.969:ERROR:process_reader_win.cc(123)] NtOpenThread: {Отказано в доступе} Процесс запросил доступ к объекту, но права на доступ не предоставлены. (0xc0000022)
[1019/180356.971:ERROR:exception_snapshot_win.cc(99)] thread ID 4960 not found in process
>>>>>>> 03cdb8925e833b93dac693ba6cffbf62f594c72d
[1022/093455.147:ERROR:directory_reader_win.cc(43)] FindFirstFile: Системе не удается найти указанный путь. (0x3)
[1022/175833.455:ERROR:process_reader_win.cc(123)] NtOpenThread: {Отказано в доступе} Процесс запросил доступ к объекту, но права на доступ не предоставлены. (0xc0000022)
[1022/175833.459:ERROR:exception_snapshot_win.cc(99)] thread ID 13916 not found in process
[1022/175833.460:ERROR:process_reader_win.cc(123)] NtOpenThread: {Отказано в доступе} Процесс запросил доступ к объекту, но права на доступ не предоставлены. (0xc0000022)
[1022/175833.460:ERROR:exception_snapshot_win.cc(99)] thread ID 10284 not found in process
[1022/175833.461:ERROR:process_reader_win.cc(123)] NtOpenThread: {Отказано в доступе} Процесс запросил доступ к объекту, но права на доступ не предоставлены. (0xc0000022)
[1022/175833.462:ERROR:exception_snapshot_win.cc(99)] thread ID 13840 not found in process
[1022/175833.476:ERROR:process_reader_win.cc(123)] NtOpenThread: {Отказано в доступе} Процесс запросил доступ к объекту, но права на доступ не предоставлены. (0xc0000022)
[1022/175833.476:ERROR:exception_snapshot_win.cc(99)] thread ID 856 not found in process
[1022/175833.479:ERROR:process_reader_win.cc(123)] NtOpenThread: {Отказано в доступе} Процесс запросил доступ к объекту, но права на доступ не предоставлены. (0xc0000022)
[1022/175833.479:ERROR:exception_snapshot_win.cc(99)] thread ID 7928 not found in process
[1022/175833.455:ERROR:process_reader_win.cc(123)] NtOpenThread: {Отказано в доступе} Процесс запросил доступ к объекту, но права на доступ не предоставлены. (0xc0000022)
[1022/175833.483:ERROR:exception_snapshot_win.cc(99)] thread ID 2724 not found in process
[1022/175833.499:ERROR:process_reader_win.cc(123)] NtOpenThread: {Отказано в доступе} Процесс запросил доступ к объекту, но права на доступ не предоставлены. (0xc0000022)
[1022/175833.500:ERROR:exception_snapshot_win.cc(99)] thread ID 9864 not found in process
[1022/175833.503:ERROR:process_reader_win.cc(123)] NtOpenThread: {Отказано в доступе} Процесс запросил доступ к объекту, но права на доступ не предоставлены. (0xc0000022)
[1022/175833.503:ERROR:exception_snapshot_win.cc(99)] thread ID 6528 not found in process
[1022/175833.504:ERROR:process_reader_win.cc(123)] NtOpenThread: {Отказано в доступе} Процесс запросил доступ к объекту, но права на доступ не предоставлены. (0xc0000022)
[1022/175833.505:ERROR:exception_snapshot_win.cc(99)] thread ID 11756 not found in process
[1022/175833.507:ERROR:process_reader_win.cc(123)] NtOpenThread: {Отказано в доступе} Процесс запросил доступ к объекту, но права на доступ не предоставлены. (0xc0000022)
[1022/175833.508:ERROR:exception_snapshot_win.cc(99)] thread ID 14700 not found in process
[1022/175833.769:ERROR:process_reader_win.cc(123)] NtOpenThread: {Отказано в доступе} Процесс запросил доступ к объекту, но права на доступ не предоставлены. (0xc0000022)
[1022/175833.769:ERROR:exception_snapshot_win.cc(99)] thread ID 14376 not found in process
[1023/100443.092:ERROR:directory_reader_win.cc(43)] FindFirstFile: Системе не удается найти указанный путь. (0x3)
[1023/180541.318:ERROR:process_reader_win.cc(123)] NtOpenThread: {Отказано в доступе} Процесс запросил доступ к объекту, но права на доступ не предоставлены. (0xc0000022)
[1023/180541.321:ERROR:exception_snapshot_win.cc(99)] thread ID 13264 not found in process
[1023/180541.326:ERROR:process_reader_win.cc(123)] NtOpenThread: {Отказано в доступе} Процесс запросил доступ к объекту, но права на доступ не предоставлены. (0xc0000022)
[1023/180541.326:ERROR:exception_snapshot_win.cc(99)] thread ID 14740 not found in process
[1023/180541.338:ERROR:process_reader_win.cc(123)] NtOpenThread: {Отказано в доступе} Процесс запросил доступ к объекту, но права на доступ не предоставлены. (0xc0000022)
[1023/180541.338:ERROR:exception_snapshot_win.cc(99)] thread ID 12996 not found in process
[1023/180541.356:ERROR:process_reader_win.cc(123)] NtOpenThread: {Отказано в доступе} Процесс запросил доступ к объекту, но права на доступ не предоставлены. (0xc0000022)
[1023/180541.357:ERROR:exception_snapshot_win.cc(99)] thread ID 8140 not found in process
[1023/180541.361:ERROR:process_reader_win.cc(123)] NtOpenThread: {Отказано в доступе} Процесс запросил доступ к объекту, но права на доступ не предоставлены. (0xc0000022)
[1023/180541.362:ERROR:exception_snapshot_win.cc(99)] thread ID 6840 not found in process
[1023/180541.378:ERROR:process_reader_win.cc(123)] NtOpenThread: {Отказано в доступе} Процесс запросил доступ к объекту, но права на доступ не предоставлены. (0xc0000022)
[1023/180541.379:ERROR:exception_snapshot_win.cc(99)] thread ID 13596 not found in process
[1023/180541.417:ERROR:process_reader_win.cc(151)] SuspendThread: Отказано в доступе. (0x5)
[1023/180541.417:ERROR:process_reader_win.cc(123)] NtOpenThread: {Отказано в доступе} Процесс запросил доступ к объекту, но права на доступ не предоставлены. (0xc0000022)
[1023/180541.417:ERROR:exception_snapshot_win.cc(99)] thread ID 5544 not found in process
[1023/180541.447:ERROR:process_reader_win.cc(151)] SuspendThread: Отказано в доступе. (0x5)
[1023/180541.447:ERROR:process_reader_win.cc(123)] NtOpenThread: {Отказано в доступе} Процесс запросил доступ к объекту, но права на доступ не предоставлены. (0xc0000022)
[1023/180541.448:ERROR:exception_snapshot_win.cc(99)] thread ID 6820 not found in process
[1023/180541.522:ERROR:process_reader_win.cc(123)] NtOpenThread: {Отказано в доступе} Процесс запросил доступ к объекту, но права на доступ не предоставлены. (0xc0000022)
[1023/180541.522:ERROR:exception_snapshot_win.cc(99)] thread ID 6632 not found in process
[1023/180541.563:ERROR:process_reader_win.cc(123)] NtOpenThread: {Отказано в доступе} Процесс запросил доступ к объекту, но права на доступ не предоставлены. (0xc0000022)
[1023/180541.563:ERROR:exception_snapshot_win.cc(99)] thread ID 11044 not found in process
